<?xml version="1.0" encoding="UTF-8"?>
<!-- Generated by org.testng.reporters.JUnitReportReporter -->
<testsuite skipped="0" hostname="KRISHNAGEHLOTR" name="com.testng.TestClass0005" tests="1" failures="0" timestamp="08 Jul 2018 11:25:23 GMT" time="13.996" errors="0">
  <testcase name="verifyTitle" time="13.996" classname="com.testng.TestClass0005"/>
</testsuite> <!-- com.testng.TestClass0005 -->
