<?xml version="1.0" encoding="UTF-8"?>
<!-- Generated by org.testng.reporters.JUnitReportReporter -->
<testsuite skipped="0" hostname="KRISHNAGEHLOTR" name="com.testng.TestClass0003" tests="2" failures="0" timestamp="08 Jul 2018 11:25:23 GMT" time="0.000" errors="0">
  <testcase name="deleteUser" time="0.000" classname="com.testng.TestClass0003"/>
  <testcase name="registerUser" time="0.000" classname="com.testng.TestClass0003"/>
</testsuite> <!-- com.testng.TestClass0003 -->
