<?xml version="1.0" encoding="UTF-8"?>
<!-- Generated by org.testng.reporters.JUnitReportReporter -->
<testsuite skipped="0" hostname="KRISHNAGEHLOTR" name="com.testng.TestClass0001" tests="1" failures="0" timestamp="08 Jul 2018 11:25:23 GMT" time="0.001" errors="0">
  <testcase name="testA" time="0.001" classname="com.testng.TestClass0001"/>
</testsuite> <!-- com.testng.TestClass0001 -->
